Case #1: 3 4 6
Case #2: 6 8
Case #3: 1 2 3
Case #4: 2 4 5 9
Case #5: 2 6
Case #6: 15 18 23 25 26 28 30 32 33 35
Case #7: 22 222
Case #8: 2 7 14 18 21 25 28
Case #9: 15 16 18 21 24 26 28 29 31 33
Case #10: 25 33 34 38 42 45 47 53 55
Case #11: 5 8 9 11 13 14 16
Case #12: 5 8 9 11 13
Case #13: 9 19 29 39 49 59 69 79 89 99
Case #14: 3 5 7 10
Case #15: 5 12 15 17 22 27
Case #16: 1 6 8 11 13
Case #17: 113 138 157 172 178 208 226
Case #18: 1 2 3 4
Case #19: 22 29 33 38 40 47 52 56 59
Case #20: 1 3 5 7 10 12 13 15 17 18
Case #21: 10 15 17 19 24 29
Case #22: 15 20 22 25 29 30 32 36 38
Case #23: 11 15 17 20 22 23 25 26 28 29
Case #24: 2 4 5 6
Case #25: 5 8 10 15
Case #26: 5 10 14 17 19 20 30
Case #27: 2 22
Case #28: 12 19 23 26 30 33 36 38 40 41
Case #29: 6 8 10
Case #30: 1 2 4 6 7 8 9 11
Case #31: 4 8
Case #32: 10 14 16 17 21 23 28 30
Case #33: 43 44 45 46 47 48 49
Case #34: 2 3
Case #35: 3 4 5 6 7 8 9 10 11 12
Case #36: 5 6 7 8 9 10 11
Case #37: 4 6 9 11
Case #38: 2 4
Case #39: 13 14 15 16
Case #40: 2 3 4
Case #41: 23 36 51 70
Case #42: 7 10 12 15 16 18 20
Case #43: 9 14 18
Case #44: 6 8 9
Case #45: 14 17 22 24 27 30 32
Case #46: 3 4 5
Case #47: 5 13 20 26 31 32 33 34 35 54
Case #48: 5 8 11 13 15 18 20 22
Case #49: 3 4 5 6
Case #50: 144 146 174 179 232 238 258 266 281 288
