[5, 4, 3, 2, 1, 0]
[11, 9, 7, 5, 3, 1]
Case #1: 18
[5, 4, 3, 2, 1, 0]
[16, 13, 10, 7, 4, 1]
Case #2: 18
[10, 8, 6, 4, 2, 0]
[11, 10, 8, 6, 4, 2]
Case #3: 19
[10, 8, 6, 4, 2, 0]
[17, 14, 11, 8, 5, 2]
Case #4: 18
[15, 12, 9, 6, 3, 0]
[16, 15, 12, 9, 6, 3]
Case #5: 19
[15, 12, 9, 6, 3, 0]
[17, 15, 12, 9, 6, 3]
Case #6: 18
[6, 3, 0]
[7, 6, 3]
Case #7: 12
[3, 2, 1, 0]
[7, 5, 3, 1]
[12, 9, 6, 3]
[14, 12, 9, 6]
Case #8: 15
[9, 6, 3, 0]
[11, 9, 6, 3]
[12, 11, 9, 6]
[15, 13, 11, 9]
Case #9: 20
Case #10: 10
[50, 40, 30, 20, 10, 0]
[100, 90, 80, 70, 60, 50]
[150, 140, 130, 120, 110, 100]
[200, 190, 180, 170, 160, 150]
[250, 240, 230, 220, 210, 200]
[300, 290, 280, 270, 260, 250]
[350, 340, 330, 320, 310, 300]
[400, 390, 380, 370, 360, 350]
[450, 440, 430, 420, 410, 400]
Case #11: 500
[50, 40, 30, 20, 10, 0]
[51, 50, 40, 30, 20, 10]
[70, 60, 50, 40, 30, 20]
[71, 70, 60, 50, 40, 30]
[90, 80, 70, 60, 50, 40]
[91, 90, 80, 70, 60, 50]
[110, 100, 90, 80, 70, 60]
[111, 110, 100, 90, 80, 70]
[130, 120, 110, 100, 90, 80]
Case #12: 131
[5, 4, 3, 2, 1, 0]
[51, 41, 31, 21, 11, 1]
[52, 51, 41, 31, 21, 11]
[71, 61, 51, 41, 31, 21]
[72, 71, 61, 51, 41, 31]
[91, 81, 71, 61, 51, 41]
[92, 91, 81, 71, 61, 51]
[111, 101, 91, 81, 71, 61]
[112, 111, 101, 91, 81, 71]
Case #13: 131
[5, 4, 3, 2, 1, 0]
[11, 9, 7, 5, 3, 1]
[18, 15, 12, 9, 6, 3]
[26, 22, 18, 14, 10, 6]
[35, 30, 25, 20, 15, 10]
[45, 39, 33, 27, 21, 15]
[56, 49, 42, 35, 28, 21]
[68, 60, 52, 44, 36, 28]
[81, 72, 63, 54, 45, 36]
Case #14: 95
[50, 40, 30, 20, 10, 0]
[59, 50, 40, 30, 20, 10]
[67, 59, 50, 40, 30, 20]
[74, 67, 59, 50, 40, 30]
[80, 74, 67, 59, 50, 40]
[85, 80, 74, 67, 59, 50]
[89, 85, 80, 74, 67, 59]
[92, 89, 85, 80, 74, 67]
[94, 92, 89, 85, 80, 74]
Case #15: 95
[5, 4, 3, 2, 1, 0]
[51, 41, 31, 21, 11, 1]
[53, 51, 41, 31, 21, 11]
[69, 60, 51, 41, 31, 21]
[72, 69, 60, 51, 41, 31]
[85, 77, 69, 60, 51, 41]
[89, 85, 77, 69, 60, 51]
[99, 92, 85, 77, 69, 60]
[104, 99, 92, 85, 77, 69]
Case #16: 111
[50, 40, 30, 20, 10, 0]
[51, 50, 40, 30, 20, 10]
[68, 59, 50, 40, 30, 20]
[70, 68, 59, 50, 40, 30]
[84, 76, 68, 59, 50, 40]
[87, 84, 76, 68, 59, 50]
[98, 91, 84, 76, 68, 59]
[102, 98, 91, 84, 76, 68]
[110, 104, 98, 91, 84, 76]
Case #17: 115
Case #18: 24
Case #19: 4
Case #20: 28
Case #21: 9
Case #22: 20
Case #23: 14
Case #24: 1
Case #25: 8
Case #26: 20
Case #27: 25
Case #28: 12
Case #29: 10
Case #30: 36
Case #31: 7
Case #32: 25
Case #33: 30
Case #34: 32
Case #35: 12
Case #36: 36
Case #37: 6
Case #38: 8
Case #39: 2
Case #40: 8
Case #41: 24
Case #42: 15
Case #43: 16
Case #44: 8
Case #45: 20
Case #46: 18
Case #47: 27
Case #48: 3
Case #49: 12
Case #50: 12
Case #51: 20
Case #52: 3
Case #53: 30
Case #54: 12
Case #55: 12
Case #56: 8
Case #57: 25
Case #58: 8
Case #59: 8
Case #60: 7
Case #61: 10
Case #62: 12
Case #63: 20
Case #64: 7
Case #65: 40
Case #66: 6
Case #67: 12
Case #68: 9
Case #69: 24
Case #70: 10
Case #71: 1
Case #72: 6
Case #73: 16
Case #74: 10
Case #75: 5
Case #76: 3
Case #77: 14
Case #78: 27
Case #79: 10
Case #80: 5
Case #81: 9
Case #82: 8
Case #83: 2
Case #84: 4
Case #85: 8
Case #86: 24
Case #87: 4
Case #88: 50
Case #89: 15
Case #90: 4
Case #91: 50
[10, 8, 6, 4, 2, 0]
Case #92: 52
[15, 12, 9, 6, 3, 0]
Case #93: 62
[50, 40, 30, 20, 10, 0]
Case #94: 90
[50, 40, 30, 20, 10, 0]
[68, 59, 50, 40, 30, 20]
Case #95: 86
[40, 32, 24, 16, 8, 0]
[66, 56, 46, 36, 26, 16]
[72, 69, 66, 56, 46, 36]
Case #96: 74
[25, 20, 15, 10, 5, 0]
[31, 29, 27, 25, 20, 15]
[72, 63, 54, 45, 36, 27]
[104, 94, 84, 74, 64, 54]
Case #97: 119
[35, 28, 21, 14, 7, 0]
[64, 54, 44, 34, 24, 14]
[76, 70, 64, 54, 44, 34]
[104, 94, 84, 74, 64, 54]
[122, 113, 104, 94, 84, 74]
Case #98: 136
[10, 8, 6, 4, 2, 0]
[26, 22, 18, 14, 10, 6]
[63, 54, 45, 36, 27, 18]
[72, 69, 66, 63, 54, 45]
[116, 106, 96, 86, 76, 66]
[119, 118, 117, 116, 106, 96]
Case #99: 152
[45, 36, 27, 18, 9, 0]
[49, 48, 47, 46, 45, 36]
[58, 56, 54, 52, 50, 48]
[62, 61, 60, 59, 58, 56]
[71, 69, 67, 65, 63, 61]
[119, 109, 99, 89, 79, 69]
[123, 122, 121, 120, 119, 109]
[167, 158, 149, 140, 131, 122]
[203, 194, 185, 176, 167, 158]
Case #100: 244
