Case #1: EENSN
Case #2: WWNSN
Case #3: EEEESNEEEEEEENNNNNNE
Case #4: SNS
Case #5: SEESNEEEEEEE
Case #6: EEEEEEE
Case #7: WNWWWWWSWSNNNNN
Case #8: NW
Case #9: WWWWWWWSWWWWSS
Case #10: EWEEEE
Case #11: WEEEEEEEEEESSNNNNNN
Case #12: NSEEEESNE
Case #13: EEEENEEEENN
Case #14: NWWWWWWWWWWSWSSSS
Case #15: WWWNSNNNNNNNNN
Case #16: WS
Case #17: NWS
Case #18: ESEEEENESNNNNNE
Case #19: NESESSSSSSSSSNS
Case #20: EESSNSSSSSSSSNS
Case #21: EEEEEEEEESSSNSSSS
Case #22: SW
Case #23: ESEENESSNNNNN
Case #24: NSSSSSS
Case #25: NEEEESESSSSNS
Case #26: S
Case #27: EEESENEEEESSSS
Case #28: WNWSWWWWWWWW
Case #29: WWWWNSWWWWWWWSSSSSSW
Case #30: WEW
Case #31: SEESNEE
Case #32: N
Case #33: NWE
Case #34: WNNNNNNNN
Case #35: EWEEESSSSSSSE
Case #36: ES
Case #37: SWE
Case #38: NSNNNNNN
Case #39: WSWNWWWWWWWSSNS
Case #40: EEEEEEEEEESENSNNNNE
Case #41: EEEEENEEENNNS
Case #42: E
Case #43: EEENSEEEEENNNNNN
Case #44: WEEESSS
Case #45: WSNWWWWWNNN
Case #46: NSSSSSSNS
Case #47: NEW
Case #48: SEW
Case #49: W
Case #50: EEEENEEEEESEENNNNNE
