Case #1: 1 0
Case #2: 1 0
Case #3: 1 1
Case #4: 0 0
Case #5: 500 499
Case #6: 0 0
Case #7: 0 0
Case #8: 0 0
Case #9: 1 1
Case #10: 0 0
Case #11: 1 1
Case #12: 0 0
Case #13: 1 0
Case #14: 1 0
Case #15: 3 3
Case #16: 1 1
Case #17: 0 0
Case #18: 1 0
Case #19: 3 2
Case #20: 1 0
Case #21: 250 249
Case #22: 0 0
Case #23: 0 0
Case #24: 0 0
Case #25: 0 0
Case #26: 0 0
Case #27: 7 6
Case #28: 1 1
Case #29: 0 0
Case #30: 1 0
Case #31: 0 0
Case #32: 0 0
Case #33: 125 124
Case #34: 0 0
Case #35: 0 0
Case #36: 0 0
Case #37: 0 0
Case #38: 0 0
Case #39: 0 0
Case #40: 0 0
Case #41: 0 0
Case #42: 0 0
Case #43: 2 2
Case #44: 0 0
Case #45: 1 0
Case #46: 1 0
Case #47: 1 0
Case #48: 0 0
Case #49: 1 1
Case #50: 1 0
Case #51: 0 0
Case #52: 3 2
Case #53: 0 0
Case #54: 1 1
Case #55: 1 0
Case #56: 0 0
Case #57: 0 0
Case #58: 0 0
Case #59: 7 6
Case #60: 499 499
Case #61: 3 3
Case #62: 1 1
Case #63: 1 0
Case #64: 0 0
Case #65: 1 0
Case #66: 0 0
Case #67: 0 0
Case #68: 0 0
Case #69: 2 1
Case #70: 1 0
Case #71: 0 0
Case #72: 1 0
Case #73: 1 0
Case #74: 0 0
Case #75: 0 0
Case #76: 1 0
Case #77: 1 0
Case #78: 0 0
Case #79: 1 0
Case #80: 0 0
Case #81: 0 0
Case #82: 0 0
Case #83: 0 0
Case #84: 0 0
Case #85: 3 3
Case #86: 0 0
Case #87: 0 0
Case #88: 0 0
Case #89: 249 249
Case #90: 0 0
Case #91: 0 0
Case #92: 3 2
Case #93: 3 3
Case #94: 1 1
Case #95: 0 0
Case #96: 250 249
Case #97: 1 1
Case #98: 1 1
Case #99: 1 0
Case #100: 3 2
