Case #1: 1 0
Case #2: 1 0
Case #3: 1 1
Case #4: 0 0
Case #5: 500 499
Case #6: 0 0
Case #7: 0 0
Case #8: 0 0
Case #9: 0 0
Case #10: 0 0
Case #11: 500000 499999
Case #12: 1 0
Case #13: 7812 7811
Case #14: 0 0
Case #15: 0 0
Case #16: 0 0
Case #17: 1 0
Case #18: 0 0
Case #19: 1 1
Case #20: 1 1
Case #21: 0 0
Case #22: 1953 1952
Case #23: 0 0
Case #24: 0 0
Case #25: 1 1
Case #26: 1 0
Case #27: 3 2
Case #28: 0 0
Case #29: 3906 3905
Case #30: 0 0
Case #31: 1 0
Case #32: 0 0
Case #33: 3906 3905
Case #34: 0 0
Case #35: 0 0
Case #36: 0 0
Case #37: 0 0
Case #38: 0 0
Case #39: 1 0
Case #40: 0 0
Case #41: 1 0
Case #42: 0 0
Case #43: 0 0
Case #44: 1 0
Case #45: 0 0
Case #46: 1 0
Case #47: 0 0
Case #48: 0 0
Case #49: 0 0
Case #50: 3 2
Case #51: 0 0
Case #52: 1 0
Case #53: 0 0
Case #54: 7812 7811
Case #55: 1 0
Case #56: 0 0
Case #57: 1 1
Case #58: 0 0
Case #59: 1 1
Case #60: 0 0
Case #61: 499999 499999
Case #62: 0 0
Case #63: 1 0
Case #64: 0 0
Case #65: 0 0
Case #66: 0 0
Case #67: 250000 249999
Case #68: 2 2
Case #69: 1 0
Case #70: 125000 124999
Case #71: 0 0
Case #72: 0 0
Case #73: 0 0
Case #74: 3 2
Case #75: 0 0
Case #76: 0 0
Case #77: 0 0
Case #78: 0 0
Case #79: 1 0
Case #80: 1 0
Case #81: 0 0
Case #82: 1 0
Case #83: 0 0
Case #84: 0 0
Case #85: 1 1
Case #86: 0 0
Case #87: 1 0
Case #88: 3905 3905
Case #89: 1 1
Case #90: 2 1
Case #91: 1 0
Case #92: 1 0
Case #93: 1 1
Case #94: 1 1
Case #95: 1 1
Case #96: 249999 249999
Case #97: 1 0
Case #98: 0 0
Case #99: 0 0
Case #100: 250000 249999
