Case #1:
c**
***
Case #2:
Impossible
Case #3:
c
.
.
.
.
Case #4:
Impossible
Case #5:
c..
...
***
***
***
Case #6:
c...*
....*
*****
Case #7:
c
.
*
Case #8:
c..
...
..*
..*
Case #9:
c....
.....
*****
*****
Case #10:
c..
...
..*
***
Case #11:
c..*
...*
****
****
****
Case #12:
c...
....
****
****
Case #13:
Impossible
Case #14:
c...
....
....
Case #15:
c...
....
....
...*
..**
Case #16:
c..
...
...
...
***
Case #17:
Impossible
Case #18:
c****
*****
*****
Case #19:
c....
.....
.....
....*
Case #20:
c
*
*
*
*
Case #21:
c....
.....
..***
Case #22:
c
*
Case #23:
c..*
...*
****
****
Case #24:
c...
....
....
...*
Case #25:
Impossible
Case #26:
c..**
Case #27:
Impossible
Case #28:
Impossible
Case #29:
Impossible
Case #30:
c
*
*
Case #31:
c****
Case #32:
c.**
..**
****
****
Case #33:
c.
..
..
..
Case #34:
Impossible
Case #35:
c.**
..**
****
Case #36:
c
.
.
*
*
Case #37:
c***
****
****
****
Case #38:
Impossible
Case #39:
c....
Case #40:
c...
....
..**
****
****
Case #41:
c.***
..***
*****
Case #42:
c....
.....
...**
*****
*****
Case #43:
c..
Case #44:
c
.
.
.
Case #45:
c..
...
...
..*
..*
Case #46:
Impossible
Case #47:
Impossible
Case #48:
c.
..
..
..
..
Case #49:
c.***
..***
*****
*****
*****
Case #50:
c.**
Case #51:
c...*
....*
*****
*****
*****
Case #52:
c..*
...*
...*
****
Case #53:
c..**
...**
...**
*****
*****
Case #54:
Impossible
Case #55:
c....
.....
.....
.....
Case #56:
Impossible
Case #57:
Impossible
Case #58:
c.*
Case #59:
c...*
....*
...**
*****
*****
Case #60:
Impossible
Case #61:
c.
..
**
**
**
Case #62:
c...
....
....
****
Case #63:
Impossible
Case #64:
c...
Case #65:
c....
.....
*****
*****
*****
Case #66:
c**
Case #67:
Impossible
Case #68:
Impossible
Case #69:
c***
Case #70:
c
*
*
*
Case #71:
Impossible
Case #72:
c...
....
....
....
****
Case #73:
Impossible
Case #74:
Impossible
Case #75:
Impossible
Case #76:
Impossible
Case #77:
Impossible
Case #78:
c...
....
....
..**
****
Case #79:
Impossible
Case #80:
c..*
...*
Case #81:
c....
.....
.....
...**
Case #82:
c....
.....
....*
Case #83:
c.
..
..
**
Case #84:
c....
.....
.....
..***
Case #85:
c.
..
**
Case #86:
c...
....
....
..**
Case #87:
Impossible
Case #88:
Impossible
Case #89:
c****
*****
Case #90:
c***
****
****
****
****
Case #91:
Impossible
Case #92:
c..
...
...
Case #93:
c...*
....*
...**
*****
Case #94:
c....
.....
....*
..***
*****
Case #95:
Impossible
Case #96:
c.
..
**
**
Case #97:
Impossible
Case #98:
Impossible
Case #99:
Impossible
Case #100:
c.**
..**
Case #101:
Impossible
Case #102:
c*
**
**
**
Case #103:
c....
.....
...**
Case #104:
Impossible
Case #105:
c**
***
***
Case #106:
c..
...
***
***
Case #107:
c*
**
**
Case #108:
c...
....
...*
..**
Case #109:
c...
....
....
....
Case #110:
Impossible
Case #111:
c**
***
***
***
***
Case #112:
c
.
.
.
*
Case #113:
c.***
..***
Case #114:
c..
...
...
...
..*
Case #115:
c...
....
....
....
...*
Case #116:
c..
...
...
***
Case #117:
c....
.....
.....
.....
....*
Case #118:
Impossible
Case #119:
c....
.....
....*
..***
Case #120:
c..**
...**
...**
*****
Case #121:
Impossible
Case #122:
c...*
....*
Case #123:
c....
.....
.....
..***
*****
Case #124:
Impossible
Case #125:
c..
...
***
Case #126:
Impossible
Case #127:
c..**
...**
*****
Case #128:
c****
*****
*****
*****
*****
Case #129:
c
.
*
*
*
Case #130:
c..
...
..*
..*
***
Case #131:
Impossible
Case #132:
Impossible
Case #133:
c.*
..*
***
Case #134:
c....
.....
..***
*****
Case #135:
c
.
Case #136:
c....
.....
.....
*****
Case #137:
c**
***
***
***
Case #138:
c...
....
****
****
****
Case #139:
c....
.....
.....
...**
*****
Case #140:
c...
....
Case #141:
c..
...
...
...
...
Case #142:
c...
....
....
...*
****
Case #143:
Impossible
Case #144:
Impossible
Case #145:
c....
.....
.....
.....
*****
Case #146:
c***
****
****
Case #147:
c.*
..*
***
***
***
Case #148:
c..**
...**
Case #149:
c.
Case #150:
c....
.....
....*
*****
Case #151:
c..*
...*
...*
****
****
Case #152:
c.***
Case #153:
c****
*****
*****
*****
Case #154:
c....
.....
.....
.....
...**
Case #155:
Impossible
Case #156:
c..*
Case #157:
c...
....
....
....
....
Case #158:
Impossible
Case #159:
Impossible
Case #160:
c..
...
..*
Case #161:
c...
....
****
Case #162:
c..*
...*
****
Case #163:
c...
....
...*
****
Case #164:
Impossible
Case #165:
Impossible
Case #166:
c....
.....
.....
.....
..***
Case #167:
c..**
...**
...**
Case #168:
c...
....
...*
Case #169:
c...*
....*
...**
Case #170:
c
.
.
Case #171:
c.
..
..
..
**
Case #172:
c*
Case #173:
Impossible
Case #174:
c...
....
..**
Case #175:
c...
....
...*
..**
****
Case #176:
c
Case #177:
Impossible
Case #178:
c..*
...*
...*
Case #179:
c..**
...**
*****
*****
Case #180:
c.
..
..
Case #181:
c..**
...**
*****
*****
*****
Case #182:
c....
.....
.....
.....
.....
Case #183:
Impossible
Case #184:
c....
.....
....*
*****
*****
Case #185:
c.*
..*
Case #186:
Impossible
Case #187:
Impossible
Case #188:
Impossible
Case #189:
c....
.....
.....
Case #190:
Impossible
Case #191:
c
.
.
*
Case #192:
c..
...
...
..*
Case #193:
c.
..
Case #194:
c.
..
..
**
**
Case #195:
c...
....
....
****
****
Case #196:
c....
.....
...**
*****
Case #197:
c.***
..***
*****
*****
Case #198:
Impossible
Case #199:
c...*
....*
*****
*****
Case #200:
c....
.....
..***
*****
*****
Case #201:
c..
...
...
...
Case #202:
Impossible
Case #203:
c.**
..**
****
****
****
Case #204:
c....
.....
.....
....*
*****
Case #205:
c....
.....
Case #206:
c...*
Case #207:
Impossible
Case #208:
c....
.....
.....
....*
..***
Case #209:
c.*
..*
***
***
Case #210:
c***
****
Case #211:
c..
...
..*
***
***
Case #212:
c..
...
...
***
***
Case #213:
c*
**
**
**
**
Case #214:
c
.
*
*
Case #215:
Impossible
Case #216:
c..
...
...
..*
***
Case #217:
c*
**
Case #218:
Impossible
Case #219:
Impossible
Case #220:
c..
...
Case #221:
c....
.....
.....
*****
*****
Case #222:
c...
....
...*
****
****
Case #223:
c...
....
..**
****
Case #224:
c...
....
....
....
..**
Case #225:
c....
.....
*****
