Case #1: CAB
Case #2: MJA
Case #3: OCDE
Case #4: BBAAA
Case #5: CCCABBBAB
Case #6: CCCBAABAB
Case #7: ZXCASDQWE
Case #8: CCCCCBBBBBAAAAA
Case #9: ZDCBA
Case #10: ZWWRQLJBKMTRVHM
Case #11: ONMECLKAIHGFDBJ
Case #12: CCCCBBAABBBBBBA
Case #13: ZDABC
Case #14: CCCCCBBBBBAAAAA
Case #15: OBADHLGKIJEFMNC
Case #16: CCCCCBABABAAABA
Case #17: CAB
Case #18: ONMLKJGCBAEFHID
Case #19: BAAA
Case #20: AA
Case #21: OMGCLKIBJAFENDH
Case #22: DCCCCCBBAAABBA
Case #23: CBA
Case #24: DCBBBBBAAAAABB
Case #25: ZACBA
Case #26: CCCCCBBAAAAAAAA
Case #27: RRBAACADABA
Case #28: MMACFHJKLAIGEDB
Case #29: CCBBBBBAAAAABAB
Case #30: MMADGJKLAIHFECB
Case #31: BBA
Case #32: ZABCD
Case #33: CCCCBBAAABAAABB
Case #34: CBBBBAABBBAAAA
Case #35: BAA
Case #36: ONMHKDIBLJEFCGA
Case #37: CBBBBAAAAAAAA
Case #38: AAA
Case #39: ZAYBXCWDUE
Case #40: OMNFKJIHALEDCBG
Case #41: CCCCCBBBBAAABAA
Case #42: CBA
Case #43: DCBBBBAAAAAAA
Case #44: CCCCCCAABAABAAA
Case #45: BA
Case #46: CBBBBBAAAAAAA
Case #47: CCCCCBBBBBAAAAA
Case #48: Z
Case #49: ONMKGFEAJIHLBCD
Case #50: CBA
Case #51: CCCAABABAAABBAA
Case #52: CCCCBAABBBABBBB
Case #53: BB
Case #54: MMKIHFEDCBAGJLA
Case #55: CCCCCBAAAABABAA
Case #56: CCCCCBBBBAABAAA
Case #57: ZEDCBAYXWU
Case #58: BBBBBAAAAAAAA
Case #59: CCCCCBBABBAAAAB
Case #60: CCCCCBBBBBAAAAA
Case #61: CCCCCCCABABAABA
Case #62: CCCCCBBBBBAAAAA
Case #63: CCCBBBABABAAA
Case #64: CBAAAAAAAAAAAA
Case #65: BBB
Case #66: CCCCCCBABABAAAB
Case #67: BAA
Case #68: BAAA
Case #69: ZADBC
Case #70: CCCCCBBBBAAABAA
Case #71: CCCCCBBBBBAAAAA
Case #72: BBA
Case #73: MMLKBAJIHGFEDCA
Case #74: CCCCCCCBAAABBAA
Case #75: OGEABMIHNFJDCKL
Case #76: XWLSMLLVTJDMKWD
Case #77: CCCCCCCABAAAAAB
Case #78: CBA
Case #79: BAAA
Case #80: CCCCCCCCABABAAA
Case #81: A
Case #82: CCCCCBBABAAABBA
Case #83: CCBBBAAABAABABB
Case #84: ONLKDGJFHAEBIMC
Case #85: VRDDBMJDPKNGQJF
Case #86: ZZTLYDBQPLYVHFL
Case #87: CCCCCCCBBABABBA
Case #88: BBA
Case #89: DDCCCCBABABCA
Case #90: ZAAAA
Case #91: BAA
Case #92: BAAA
Case #93: DCBAAAAAABABB
Case #94: MMLAKJHGEDBACFI
Case #95: ZABYCXDWEU
Case #96: MMKJGFEDBACHILA
Case #97: BA
Case #98: ZSQDBJJSPJRJMMF
Case #99: CCCCCCBBBBBBBBB
Case #100: ONMJIACEHFBKLGD
