Case #1: 1
1 1 1
Case #2: 4
1 1 1
1 1 2
1 2 1
1 2 2
Case #3: 2
1 1 1
1 1 2
Case #4: 2
1 1 1
1 2 2
Case #5: 8
1 1 1
1 1 2
1 2 1
1 2 2
2 1 1
2 1 2
2 2 1
2 2 2
Case #6: 3
1 1 1
1 1 2
1 1 3
Case #7: 27
1 1 1
1 1 2
1 1 3
1 2 1
1 2 2
1 2 3
1 3 1
1 3 2
1 3 3
2 1 1
2 1 2
2 1 3
2 2 1
2 2 2
2 2 3
2 3 1
2 3 2
2 3 3
3 1 1
3 1 2
3 1 3
3 2 1
3 2 2
3 2 3
3 3 1
3 3 2
3 3 3
Case #8: 9
1 1 1
1 2 2
1 3 3
2 1 2
2 2 3
2 3 1
3 1 3
3 2 1
3 3 2
Case #9: 9
1 1 1
1 1 2
1 1 3
1 2 1
1 2 2
1 2 3
1 3 1
1 3 2
1 3 3
Case #10: 12
1 1 1
1 1 2
1 1 3
1 2 1
1 2 2
1 2 3
2 1 1
2 1 2
2 1 3
2 2 1
2 2 2
2 2 3
Case #11: 3
1 1 1
1 1 2
1 1 3
Case #12: 12
1 1 1
1 1 2
1 1 3
1 2 1
1 2 2
1 2 3
2 1 1
2 1 2
2 1 3
2 2 1
2 2 2
2 2 3
Case #13: 2
1 1 1
1 1 2
Case #14: 18
1 1 1
1 1 2
1 1 3
1 2 1
1 2 2
1 2 3
1 3 1
1 3 2
1 3 3
2 1 1
2 1 2
2 1 3
2 2 1
2 2 2
2 2 3
2 3 1
2 3 2
2 3 3
Case #15: 3
1 1 1
1 1 2
1 1 3
Case #16: 8
1 1 1
1 1 2
1 2 1
1 2 2
2 1 1
2 1 2
2 2 1
2 2 2
Case #17: 8
1 1 1
1 1 2
1 2 1
1 2 2
2 1 1
2 1 2
2 2 1
2 2 2
Case #18: 12
1 1 1
1 1 2
1 1 3
1 2 1
1 2 2
1 2 3
2 1 1
2 1 2
2 1 3
2 2 1
2 2 2
2 2 3
Case #19: 2
1 1 1
1 1 2
Case #20: 2
1 1 1
1 1 2
Case #21: 18
1 1 1
1 1 2
1 1 3
1 2 1
1 2 2
1 2 3
1 3 1
1 3 2
1 3 3
2 1 1
2 1 2
2 1 3
2 2 1
2 2 2
2 2 3
2 3 1
2 3 2
2 3 3
Case #22: 1
1 1 1
Case #23: 3
1 1 1
1 1 2
1 1 3
Case #24: 8
1 1 1
1 1 2
1 2 1
1 2 2
2 1 1
2 1 2
2 2 1
2 2 2
Case #25: 2
1 1 1
1 1 2
Case #26: 18
1 1 1
1 1 2
1 1 3
1 2 1
1 2 2
1 2 3
1 3 1
1 3 2
1 3 3
2 1 1
2 1 2
2 1 3
2 2 1
2 2 2
2 2 3
2 3 1
2 3 2
2 3 3
Case #27: 2
1 1 1
1 2 2
Case #28: 9
1 1 1
1 1 2
1 1 3
1 2 1
1 2 2
1 2 3
1 3 1
1 3 2
1 3 3
Case #29: 6
1 1 1
1 1 2
1 2 1
1 2 3
1 3 2
1 3 3
Case #30: 6
1 1 1
1 1 2
1 1 3
1 2 1
1 2 2
1 2 3
Case #31: 6
1 1 1
1 1 2
1 1 3
1 2 1
1 2 2
1 2 3
Case #32: 1
1 1 1
Case #33: 9
1 1 1
1 1 2
1 1 3
1 2 1
1 2 2
1 2 3
1 3 1
1 3 2
1 3 3
Case #34: 4
1 1 1
1 1 2
1 2 1
1 2 2
Case #35: 8
1 1 1
1 1 2
1 2 1
1 2 2
2 1 1
2 1 2
2 2 1
2 2 2
Case #36: 12
1 1 1
1 1 2
1 1 3
1 2 1
1 2 2
1 2 3
2 1 1
2 1 2
2 1 3
2 2 1
2 2 2
2 2 3
Case #37: 8
1 1 1
1 1 2
1 2 1
1 2 2
2 1 1
2 1 2
2 2 1
2 2 2
Case #38: 1
1 1 1
Case #39: 9
1 1 1
1 1 2
1 1 3
1 2 1
1 2 2
1 2 3
1 3 1
1 3 2
1 3 3
Case #40: 1
1 1 1
Case #41: 12
1 1 1
1 1 2
1 1 3
1 2 1
1 2 2
1 2 3
2 1 1
2 1 2
2 1 3
2 2 1
2 2 2
2 2 3
Case #42: 3
1 1 1
1 2 2
1 3 3
Case #43: 27
1 1 1
1 1 2
1 1 3
1 2 1
1 2 2
1 2 3
1 3 1
1 3 2
1 3 3
2 1 1
2 1 2
2 1 3
2 2 1
2 2 2
2 2 3
2 3 1
2 3 2
2 3 3
3 1 1
3 1 2
3 1 3
3 2 1
3 2 2
3 2 3
3 3 1
3 3 2
3 3 3
Case #44: 1
1 1 1
Case #45: 1
1 1 1
Case #46: 2
1 1 1
1 1 2
Case #47: 12
1 1 1
1 1 2
1 2 1
1 2 3
1 3 2
1 3 3
2 1 1
2 1 2
2 2 1
2 2 3
2 3 2
2 3 3
Case #48: 1
1 1 1
Case #49: 4
1 1 1
1 1 2
1 2 1
1 2 2
Case #50: 8
1 1 1
1 1 2
1 2 1
1 2 2
2 1 1
2 1 2
2 2 1
2 2 2
Case #51: 4
1 1 1
1 2 2
2 1 2
2 2 1
Case #52: 9
1 1 1
1 1 2
1 1 3
1 2 1
1 2 2
1 2 3
1 3 1
1 3 2
1 3 3
Case #53: 9
1 1 1
1 1 2
1 1 3
1 2 1
1 2 2
1 2 3
1 3 1
1 3 2
1 3 3
Case #54: 4
1 1 1
1 1 2
1 2 1
1 2 2
Case #55: 27
1 1 1
1 1 2
1 1 3
1 2 1
1 2 2
1 2 3
1 3 1
1 3 2
1 3 3
2 1 1
2 1 2
2 1 3
2 2 1
2 2 2
2 2 3
2 3 1
2 3 2
2 3 3
3 1 1
3 1 2
3 1 3
3 2 1
3 2 2
3 2 3
3 3 1
3 3 2
3 3 3
Case #56: 27
1 1 1
1 1 2
1 1 3
1 2 1
1 2 2
1 2 3
1 3 1
1 3 2
1 3 3
2 1 1
2 1 2
2 1 3
2 2 1
2 2 2
2 2 3
2 3 1
2 3 2
2 3 3
3 1 1
3 1 2
3 1 3
3 2 1
3 2 2
3 2 3
3 3 1
3 3 2
3 3 3
Case #57: 4
1 1 1
1 1 2
1 2 1
1 2 2
Case #58: 2
1 1 1
1 1 2
Case #59: 1
1 1 1
Case #60: 3
1 1 1
1 1 2
1 1 3
Case #61: 2
1 1 1
1 1 2
Case #62: 18
1 1 1
1 1 2
1 1 3
1 2 1
1 2 2
1 2 3
1 3 1
1 3 2
1 3 3
2 1 1
2 1 2
2 1 3
2 2 1
2 2 2
2 2 3
2 3 1
2 3 2
2 3 3
Case #63: 27
1 1 1
1 1 2
1 1 3
1 2 1
1 2 2
1 2 3
1 3 1
1 3 2
1 3 3
2 1 1
2 1 2
2 1 3
2 2 1
2 2 2
2 2 3
2 3 1
2 3 2
2 3 3
3 1 1
3 1 2
3 1 3
3 2 1
3 2 2
3 2 3
3 3 1
3 3 2
3 3 3
Case #64: 18
1 1 1
1 1 2
1 1 3
1 2 1
1 2 2
1 2 3
1 3 1
1 3 2
1 3 3
2 1 1
2 1 2
2 1 3
2 2 1
2 2 2
2 2 3
2 3 1
2 3 2
2 3 3
Case #65: 8
1 1 1
1 1 2
1 2 1
1 2 2
2 1 1
2 1 2
2 2 1
2 2 2
Case #66: 18
1 1 1
1 1 2
1 1 3
1 2 1
1 2 2
1 2 3
1 3 1
1 3 2
1 3 3
2 1 1
2 1 2
2 1 3
2 2 1
2 2 2
2 2 3
2 3 1
2 3 2
2 3 3
Case #67: 1
1 1 1
Case #68: 18
1 1 1
1 1 2
1 1 3
1 2 1
1 2 2
1 2 3
1 3 1
1 3 2
1 3 3
2 1 1
2 1 2
2 1 3
2 2 1
2 2 2
2 2 3
2 3 1
2 3 2
2 3 3
Case #69: 6
1 1 1
1 1 2
1 1 3
1 2 1
1 2 2
1 2 3
Case #70: 6
1 1 1
1 1 2
1 1 3
1 2 1
1 2 2
1 2 3
Case #71: 27
1 1 1
1 1 2
1 1 3
1 2 1
1 2 2
1 2 3
1 3 1
1 3 2
1 3 3
2 1 1
2 1 2
2 1 3
2 2 1
2 2 2
2 2 3
2 3 1
2 3 2
2 3 3
3 1 1
3 1 2
3 1 3
3 2 1
3 2 2
3 2 3
3 3 1
3 3 2
3 3 3
Case #72: 8
1 1 1
1 1 2
1 2 1
1 2 2
2 1 1
2 1 2
2 2 1
2 2 2
Case #73: 4
1 1 1
1 1 2
1 2 1
1 2 2
Case #74: 4
1 1 1
1 2 2
2 1 2
2 2 1
Case #75: 4
1 1 1
1 1 2
1 2 1
1 2 2
Case #76: 27
1 1 1
1 1 2
1 1 3
1 2 1
1 2 2
1 2 3
1 3 1
1 3 2
1 3 3
2 1 1
2 1 2
2 1 3
2 2 1
2 2 2
2 2 3
2 3 1
2 3 2
2 3 3
3 1 1
3 1 2
3 1 3
3 2 1
3 2 2
3 2 3
3 3 1
3 3 2
3 3 3
Case #77: 2
1 1 1
1 1 2
Case #78: 12
1 1 1
1 1 2
1 1 3
1 2 1
1 2 2
1 2 3
2 1 1
2 1 2
2 1 3
2 2 1
2 2 2
2 2 3
Case #79: 8
1 1 1
1 1 2
1 2 1
1 2 2
2 1 1
2 1 2
2 2 1
2 2 2
Case #80: 12
1 1 1
1 1 2
1 1 3
1 2 1
1 2 2
1 2 3
2 1 1
2 1 2
2 1 3
2 2 1
2 2 2
2 2 3
Case #81: 4
1 1 1
1 1 2
1 2 1
1 2 2
Case #82: 2
1 1 1
1 1 2
Case #83: 3
1 1 1
1 1 2
1 1 3
Case #84: 4
1 1 1
1 1 2
1 2 1
1 2 2
Case #85: 6
1 1 1
1 1 2
1 1 3
1 2 1
1 2 2
1 2 3
Case #86: 9
1 1 1
1 1 2
1 1 3
1 2 1
1 2 2
1 2 3
1 3 1
1 3 2
1 3 3
Case #87: 12
1 1 1
1 1 2
1 1 3
1 2 1
1 2 2
1 2 3
2 1 1
2 1 2
2 1 3
2 2 1
2 2 2
2 2 3
Case #88: 3
1 1 1
1 1 2
1 1 3
Case #89: 1
1 1 1
Case #90: 6
1 1 1
1 1 2
1 1 3
1 2 1
1 2 2
1 2 3
Case #91: 9
1 1 1
1 1 2
1 1 3
1 2 1
1 2 2
1 2 3
1 3 1
1 3 2
1 3 3
Case #92: 4
1 1 1
1 1 2
1 2 1
1 2 2
Case #93: 6
1 1 1
1 2 2
1 3 3
2 1 2
2 2 3
2 3 1
Case #94: 27
1 1 1
1 1 2
1 1 3
1 2 1
1 2 2
1 2 3
1 3 1
1 3 2
1 3 3
2 1 1
2 1 2
2 1 3
2 2 1
2 2 2
2 2 3
2 3 1
2 3 2
2 3 3
3 1 1
3 1 2
3 1 3
3 2 1
3 2 2
3 2 3
3 3 1
3 3 2
3 3 3
Case #95: 3
1 1 1
1 1 2
1 1 3
Case #96: 1
1 1 1
Case #97: 6
1 1 1
1 1 2
1 1 3
1 2 1
1 2 2
1 2 3
Case #98: 18
1 1 1
1 1 2
1 2 1
1 2 3
1 3 2
1 3 3
2 1 1
2 1 3
2 2 2
2 2 3
2 3 1
2 3 2
3 1 2
3 1 3
3 2 1
3 2 2
3 3 1
3 3 3
Case #99: 18
1 1 1
1 1 2
1 1 3
1 2 1
1 2 2
1 2 3
1 3 1
1 3 2
1 3 3
2 1 1
2 1 2
2 1 3
2 2 1
2 2 2
2 2 3
2 3 1
2 3 2
2 3 3
Case #100: 6
1 1 1
1 1 2
1 1 3
1 2 1
1 2 2
1 2 3
