Case #1: 19 20
Case #2: 023 023
Case #3: 0 0
Case #4: 05 00
Case #5: 606 417
Case #6: 99 09
Case #7: 888 888
Case #8: 99 99
Case #9: 159 161
Case #10: 116 118
Case #11: 040 009
Case #12: 903 899
Case #13: 00 00
Case #14: 899 910
Case #15: 099 909
Case #16: 199 199
Case #17: 121 089
Case #18: 011 011
Case #19: 90 99
Case #20: 800 699
Case #21: 060 029
Case #22: 993 988
Case #23: 90 90
Case #24: 09 09
Case #25: 063 063
Case #26: 99 99
Case #27: 087 118
Case #28: 05 05
Case #29: 204 194
Case #30: 00 00
Case #31: 019 060
Case #32: 003 003
Case #33: 010 009
Case #34: 877 880
Case #35: 706 494
Case #36: 001 001
Case #37: 511 499
Case #38: 09 90
Case #39: 99 99
Case #40: 080 039
Case #41: 988 993
Case #42: 00 00
Case #43: 310 290
Case #44: 09 09
Case #45: 00 05
Case #46: 99 95
Case #47: 029 060
Case #48: 090 099
Case #49: 93 88
Case #50: 00 00
Case #51: 909 990
Case #52: 88 93
Case #53: 700 399
Case #54: 088 088
Case #55: 599 601
Case #56: 267 267
Case #57: 060 019
Case #58: 10 05
Case #59: 99 99
Case #60: 99 99
Case #61: 05 10
Case #62: 988 992
Case #63: 558 499
Case #64: 0 0
Case #65: 101 099
Case #66: 00 00
Case #67: 599 798
Case #68: 9 9
Case #69: 185 185
Case #70: 039 080
Case #71: 009 050
Case #72: 501 499
Case #73: 050 050
Case #74: 131 099
Case #75: 05 05
Case #76: 090 049
Case #77: 111 079
Case #78: 092 098
Case #79: 785 804
Case #80: 484 484
Case #81: 249 908
Case #82: 370 349
Case #83: 497 500
Case #84: 063 061
Case #85: 632 619
Case #86: 792 792
Case #87: 672 676
Case #88: 222 222
Case #89: 005 006
Case #90: 99 99
Case #91: 005 005
Case #92: 880 880
Case #93: 00 00
Case #94: 677 677
Case #95: 990 909
Case #96: 019 050
Case #97: 05 05
Case #98: 99 99
Case #99: 086 086
Case #100: 163 164
Case #101: 491 907
Case #102: 099 100
Case #103: 308 310
Case #104: 049 080
Case #105: 222 220
Case #106: 675 249
Case #107: 700 229
Case #108: 327 327
Case #109: 599 601
Case #110: 525 494
Case #111: 990 989
Case #112: 5 5
Case #113: 050 009
Case #114: 093 098
Case #115: 499 505
Case #116: 668 668
Case #117: 05 09
Case #118: 078 209
Case #119: 003 003
Case #120: 95 95
Case #121: 049 090
Case #122: 501 497
Case #123: 95 95
Case #124: 090 059
Case #125: 10 09
Case #126: 5 5
Case #127: 019 065
Case #128: 022 022
Case #129: 080 049
Case #130: 397 760
Case #131: 840 832
Case #132: 737 727
Case #133: 00 00
Case #134: 099 090
Case #135: 800 699
Case #136: 992 988
Case #137: 09 09
Case #138: 908 699
Case #139: 099 131
Case #140: 09 05
Case #141: 758 193
Case #142: 989 999
Case #143: 394 991
Case #144: 989 990
Case #145: 162 162
Case #146: 09 10
Case #147: 682 678
Case #148: 039 070
Case #149: 000 000
Case #150: 089 121
Case #151: 05 05
Case #152: 09 99
Case #153: 092 093
Case #154: 002 002
Case #155: 806 379
Case #156: 646 646
Case #157: 99 90
Case #158: 99 99
Case #159: 313 313
Case #160: 95 99
Case #161: 0 0
Case #162: 09 09
Case #163: 069 101
Case #164: 425 470
Case #165: 486 490
Case #166: 050 019
Case #167: 721 679
Case #168: 070 039
Case #169: 101 069
Case #170: 90 09
Case #171: 810 799
Case #172: 009 040
Case #173: 079 111
Case #174: 098 093
Case #175: 925 579
Case #176: 99 99
Case #177: 389 390
Case #178: 945 493
Case #179: 029 070
Case #180: 000 000
Case #181: 358 322
Case #182: 676 661
Case #183: 233 233
Case #184: 557 557
Case #185: 99 99
Case #186: 059 090
Case #187: 399 410
Case #188: 9 9
Case #189: 90 90
Case #190: 097 130
Case #191: 498 500
Case #192: 009 009
Case #193: 070 029
Case #194: 384 309
Case #195: 010 055
Case #196: 777 777
Case #197: 588 588
Case #198: 025 045
Case #199: 397 401
Case #200: 034 034
