Case #1: 19 20
Case #2: 023 023
Case #3: 0 0
Case #4: 05 00
Case #5: 992 988
Case #6: 88 93
Case #7: 905 905
Case #8: 017 017
Case #9: 200 196
Case #10: 204 209
Case #11: 0 0
Case #12: 99 99
Case #13: 098 301
Case #14: 060 019
Case #15: 99 99
Case #16: 599 600
Case #17: 95 95
Case #18: 029 070
Case #19: 121 098
Case #20: 599 637
Case #21: 029 060
Case #22: 166 166
Case #23: 092 093
Case #24: 757 900
Case #25: 121 089
Case #26: 039 080
Case #27: 09 10
Case #28: 909 990
Case #29: 00 00
Case #30: 90 90
Case #31: 822 822
Case #32: 00 05
Case #33: 09 99
Case #34: 001 001
Case #35: 99 99
Case #36: 239 258
Case #37: 091 401
Case #38: 99 95
Case #39: 049 208
Case #40: 00 00
Case #41: 092 098
Case #42: 05 05
Case #43: 060 029
Case #44: 221 222
Case #45: 070 039
Case #46: 001 001
Case #47: 09 09
Case #48: 011 011
Case #49: 077 077
Case #50: 333 333
Case #51: 060 060
Case #52: 988 993
Case #53: 080 049
Case #54: 019 065
Case #55: 040 009
Case #56: 488 485
Case #57: 840 813
Case #58: 9 9
Case #59: 332 333
Case #60: 086 086
Case #61: 498 907
Case #62: 600 429
Case #63: 09 09
Case #64: 995 989
Case #65: 019 060
Case #66: 10 05
Case #67: 049 090
Case #68: 5 5
Case #69: 366 390
Case #70: 00 00
Case #71: 800 699
Case #72: 93 88
Case #73: 080 039
Case #74: 629 633
Case #75: 569 569
Case #76: 089 121
Case #77: 09 05
Case #78: 282 269
Case #79: 770 270
Case #80: 659 661
Case #81: 990 989
Case #82: 355 355
Case #83: 089 090
Case #84: 099 131
Case #85: 039 070
Case #86: 002 002
Case #87: 700 699
Case #88: 90 99
Case #89: 990 909
Case #90: 099 090
Case #91: 079 111
Case #92: 545 545
Case #93: 99 99
Case #94: 5 5
Case #95: 050 019
Case #96: 09 90
Case #97: 05 05
Case #98: 093 098
Case #99: 506 199
Case #100: 084 400
Case #101: 397 401
Case #102: 99 99
Case #103: 09 09
Case #104: 049 080
Case #105: 391 430
Case #106: 000 000
Case #107: 10 09
Case #108: 05 05
Case #109: 677 677
Case #110: 99 90
Case #111: 610 599
Case #112: 00 00
Case #113: 0 0
Case #114: 525 519
Case #115: 070 029
Case #116: 059 090
Case #117: 052 009
Case #118: 99 09
Case #119: 159 161
Case #120: 009 050
Case #121: 005 005
Case #122: 008 030
Case #123: 397 760
Case #124: 131 099
Case #125: 076 076
Case #126: 010 009
Case #127: 404 399
Case #128: 299 530
Case #129: 090 059
Case #130: 399 412
Case #131: 721 679
Case #132: 158 158
Case #133: 501 498
Case #134: 308 310
Case #135: 069 101
Case #136: 90 90
Case #137: 877 880
Case #138: 099 909
Case #139: 737 727
Case #140: 900 799
Case #141: 95 95
Case #142: 050 055
Case #143: 05 10
Case #144: 99 99
Case #145: 90 09
Case #146: 658 329
Case #147: 000 000
Case #148: 00 00
Case #149: 111 079
Case #150: 290 720
Case #151: 756 449
Case #152: 769 770
Case #153: 199 199
Case #154: 99 99
Case #155: 090 049
Case #156: 009 009
Case #157: 599 601
Case #158: 012 008
Case #159: 888 852
Case #160: 002 002
Case #161: 9 9
Case #162: 101 069
Case #163: 066 066
Case #164: 076 077
Case #165: 817 822
Case #166: 99 99
Case #167: 497 500
Case #168: 990 989
Case #169: 09 09
Case #170: 090 099
Case #171: 113 109
Case #172: 277 277
Case #173: 000 000
Case #174: 05 05
Case #175: 99 99
Case #176: 669 669
Case #177: 950 197
Case #178: 99 99
Case #179: 888 888
Case #180: 904 099
Case #181: 008 008
Case #182: 988 992
Case #183: 073 073
Case #184: 991 996
Case #185: 019 050
Case #186: 993 988
Case #187: 008 008
Case #188: 050 009
Case #189: 95 99
Case #190: 003 006
Case #191: 05 09
Case #192: 003 003
Case #193: 989 990
Case #194: 00 00
Case #195: 357 357
Case #196: 498 520
Case #197: 00 00
Case #198: 009 040
Case #199: 467 476
Case #200: 098 093
