Case #1: 19 20
Case #2: 023 023
Case #3: 0 0
Case #4: 05 00
Case #5: 90 99
Case #6: 09 90
Case #7: 100 069
Case #8: 035 032
Case #9: 647 647
Case #10: 898 950
Case #11: 599 601
Case #12: 99 98
Case #13: 023 021
Case #14: 180 180
Case #15: 632 619
Case #16: 901 139
Case #17: 501 406
Case #18: 570 570
Case #19: 055 039
Case #20: 091 091
Case #21: 880 839
Case #22: 180 149
Case #23: 102 102
Case #24: 09 09
Case #25: 596 596
Case #26: 10 10
Case #27: 5 5
Case #28: 01 01
Case #29: 05 05
Case #30: 100 099
Case #31: 099 130
Case #32: 270 267
Case #33: 969 970
Case #34: 150 119
Case #35: 600 601
Case #36: 139 170
Case #37: 048 048
Case #38: 501 501
Case #39: 786 786
Case #40: 990 908
Case #41: 019 057
Case #42: 639 650
Case #43: 99 09
Case #44: 99 99
Case #45: 701 247
Case #46: 248 248
Case #47: 636 629
Case #48: 05 05
Case #49: 130 089
Case #50: 05 10
Case #51: 098 093
Case #52: 170 139
Case #53: 559 770
Case #54: 010 009
Case #55: 0 0
Case #56: 807 810
Case #57: 308 308
Case #58: 041 041
Case #59: 069 110
Case #60: 893 893
Case #61: 10 09
Case #62: 992 988
Case #63: 90 90
Case #64: 10 05
Case #65: 308 310
Case #66: 769 752
Case #67: 079 110
Case #68: 940 940
Case #69: 012 012
Case #70: 102 098
Case #71: 910 909
Case #72: 908 990
Case #73: 751 751
Case #74: 904 566
Case #75: 041 041
Case #76: 140 099
Case #77: 298 601
Case #78: 159 161
Case #79: 09 09
Case #80: 99 99
Case #81: 069 100
Case #82: 95 99
Case #83: 031 029
Case #84: 99 99
Case #85: 319 749
Case #86: 190 159
Case #87: 606 606
Case #88: 110 069
Case #89: 160 129
Case #90: 90 09
Case #91: 149 180
Case #92: 129 160
Case #93: 470 469
Case #94: 798 900
Case #95: 730 727
Case #96: 099 100
Case #97: 029 030
Case #98: 9 9
Case #99: 98 99
Case #100: 063 063
Case #101: 99 90
Case #102: 109 708
Case #103: 00 00
Case #104: 993 988
Case #105: 159 190
Case #106: 497 500
Case #107: 091 091
Case #108: 909 910
Case #109: 0 0
Case #110: 140 140
Case #111: 109 140
Case #112: 092 093
Case #113: 452 452
Case #114: 799 799
Case #115: 093 098
Case #116: 90 90
Case #117: 120 079
Case #118: 95 95
Case #119: 99 99
Case #120: 09 10
Case #121: 88 93
Case #122: 05 05
Case #123: 909 909
Case #124: 110 065
Case #125: 019 019
Case #126: 10 10
Case #127: 064 016
Case #128: 140 109
Case #129: 089 130
Case #130: 752 778
Case #131: 153 180
Case #132: 120 038
Case #133: 081 059
Case #134: 00 05
Case #135: 785 803
Case #136: 99 95
Case #137: 95 95
Case #138: 99 99
Case #139: 220 219
Case #140: 089 120
Case #141: 904 904
Case #142: 012 009
Case #143: 800 698
Case #144: 120 089
Case #145: 130 099
Case #146: 01 01
Case #147: 020 019
Case #148: 99 99
Case #149: 09 09
Case #150: 110 079
Case #151: 789 803
Case #152: 90 90
Case #153: 900 902
Case #154: 380 349
Case #155: 703 703
Case #156: 868 871
Case #157: 09 09
Case #158: 059 100
Case #159: 017 017
Case #160: 397 760
Case #161: 721 679
Case #162: 860 298
Case #163: 015 011
Case #164: 099 140
Case #165: 666 670
Case #166: 119 150
Case #167: 134 160
Case #168: 00 00
Case #169: 988 992
Case #170: 940 940
Case #171: 046 077
Case #172: 93 88
Case #173: 607 398
Case #174: 500 489
Case #175: 05 09
Case #176: 021 021
Case #177: 102 098
Case #178: 05 05
Case #179: 565 565
Case #180: 905 905
Case #181: 100 059
Case #182: 199 198
Case #183: 90 90
Case #184: 5 5
Case #185: 988 993
Case #186: 389 826
Case #187: 055 055
Case #188: 397 401
Case #189: 510 510
Case #190: 098 909
Case #191: 183 183
Case #192: 9 9
Case #193: 513 513
Case #194: 09 05
Case #195: 460 419
Case #196: 01 01
Case #197: 489 490
Case #198: 09 99
Case #199: 079 120
Case #200: 201 201
