Case #1: BA BA
Case #2: A C B A C BA
Case #3: C C BA
Case #4: B B A C BA
Case #5: B C B A C BA
Case #6: B C B C B C BA
Case #7: A B A C B A C BA
Case #8: A C A C B A C BA
Case #9: A B A C BA
Case #10: C C B C BA
Case #11: C B A C BA
Case #12: A C A C BA
Case #13: BA BA BA
Case #14: C C B C B C BA
Case #15: C B C BA
Case #16: BA
Case #17: A C A C A C BA
Case #18: BA BA BA BA
Case #19: C BA
Case #20: C B C B A C BA
Case #21: A A C B A C BA
Case #22: C B C B C B C BA
Case #23: B B A B A C BA
Case #24: C B C B C BA
Case #25: B C B C B A C BA
Case #26: C C B A C BA
Case #27: C C A C B A C BA
Case #28: C C B C B A C BA
Case #29: C C A C A C BA
Case #30: B A B A B A C BA
Case #31: C C A C BA
Case #32: B B C B A C BA
Case #33: C A C BA
Case #34: B C BA
Case #35: C A C B A C BA
Case #36: B A C B A C BA
Case #37: B A B A C BA
Case #38: C A C A C A C BA
Case #39: C C C B A C BA
Case #40: C A C A C BA
Case #41: A B A B A C BA
Case #42: B A C BA
Case #43: B B A C B A C BA
Case #44: B C B C BA
Case #45: C B A C B A C BA
Case #46: A C BA
