Case #1: 5 3
Case #2: 0 0
Case #3: 2 2
Case #4: 0 0
Case #5: 5 5
Case #6: 6 2
Case #7: 5 3
Case #8: 6 1
Case #9: 7 1
Case #10: 0 0
Case #11: 4 4
Case #12: 8 2
Case #13: 7 1
Case #14: 7 7
Case #15: 3 1
Case #16: 4 1
Case #17: 3 2
Case #18: 3 1
Case #19: 9 2
Case #20: 10 6
Case #21: 0 0
Case #22: 0 0
Case #23: 10 7
Case #24: 4 1
Case #25: 9 4
Case #26: 6 6
Case #27: 7 2
Case #28: 4 2
Case #29: 1 0
Case #30: 5 2
Case #31: 0 0
Case #32: 6 2
Case #33: 2 1
Case #34: 10 10
Case #35: 1 1
Case #36: 6 0
Case #37: 7 0
Case #38: 10 10
Case #39: 0 0
Case #40: 0 0
Case #41: 0 0
Case #42: 0 0
Case #43: 4 0
Case #44: 0 0
Case #45: 2 2
Case #46: 8 2
Case #47: 8 3
Case #48: 8 3
Case #49: 5 2
Case #50: 7 2
